[15-Apr-2024 01:16:47 UTC] PHP Warning:  Undefined array key "name" in C:\Users\Shekhani Laptops\Local Sites\astra-customization\app\public\wp-content\plugins\woocommerce\includes\class-wc-install.php on line 866
[15-Apr-2024 01:16:47 UTC] PHP Warning:  Undefined array key "title" in C:\Users\Shekhani Laptops\Local Sites\astra-customization\app\public\wp-content\plugins\woocommerce\includes\class-wc-install.php on line 868
[15-Apr-2024 01:16:47 UTC] PHP Warning:  Undefined array key "name" in C:\Users\Shekhani Laptops\Local Sites\astra-customization\app\public\wp-content\plugins\woocommerce\includes\class-wc-install.php on line 866
[15-Apr-2024 01:16:47 UTC] PHP Warning:  Undefined array key "title" in C:\Users\Shekhani Laptops\Local Sites\astra-customization\app\public\wp-content\plugins\woocommerce\includes\class-wc-install.php on line 868
[15-Apr-2024 03:51:18 UTC] BLOCK: Getting Server Custimizer CSS
[15-Apr-2024 03:51:18 UTC] BLOCK: https://websitedemos.net/wp-json/astra-blocks/v2/get-customizer-css
[15-Apr-2024 03:51:18 UTC] File: ast-block-templates-customizer-css.json Not Updated!
[15-Apr-2024 03:51:34 UTC] File: ast-block-templates-categories.json Created Successfully!
[15-Apr-2024 03:51:34 UTC] File: ast-block-templates-blocks-1.json Created Successfully!
[15-Apr-2024 03:51:34 UTC] File: ast-block-templates-blocks-2.json Created Successfully!
[15-Apr-2024 03:51:34 UTC] File: ast-block-templates-blocks-3.json Created Successfully!
[15-Apr-2024 03:51:34 UTC] File: ast-block-templates-blocks-4.json Created Successfully!
[15-Apr-2024 03:51:34 UTC] File: ast-block-templates-blocks-5.json Created Successfully!
[15-Apr-2024 03:51:34 UTC] File: ast-block-templates-blocks-6.json Created Successfully!
[15-Apr-2024 03:51:34 UTC] File: ast-block-templates-blocks-7.json Created Successfully!
[15-Apr-2024 03:51:34 UTC] File: ast-block-templates-block-requests.json Created Successfully!
[15-Apr-2024 03:51:34 UTC] File: ast-block-templates-sites-1.json Created Successfully!
[15-Apr-2024 03:51:34 UTC] File: ast-block-templates-sites-2.json Created Successfully!
[15-Apr-2024 03:51:34 UTC] File: ast-block-templates-sites-3.json Created Successfully!
[15-Apr-2024 03:51:34 UTC] File: ast-block-templates-sites-4.json Created Successfully!
[15-Apr-2024 03:51:34 UTC] File: ast-block-templates-sites-5.json Created Successfully!
[15-Apr-2024 03:51:34 UTC] File: ast-block-templates-sites-6.json Created Successfully!
[15-Apr-2024 03:51:34 UTC] File: ast-block-templates-sites-7.json Created Successfully!
[15-Apr-2024 03:51:34 UTC] File: ast-block-templates-site-requests.json Created Successfully!
[15-Apr-2024 03:51:34 UTC] File: ast-block-templates-last-export-checksums.json Created Successfully!
[15-Apr-2024 03:51:34 UTC] File: ast-block-templates-customizer-css.json Created Successfully!
[15-Apr-2024 03:51:35 UTC] Sync process for Gutenberg Blocks has started.
[15-Apr-2024 03:51:35 UTC] CATEGORY: Storing in ast-block-templates-categories.json
[15-Apr-2024 03:51:35 UTC] File: ast-block-templates-categories.json Updated Successfully!
[15-Apr-2024 03:51:35 UTC] BLOCK: Requests count 7
[15-Apr-2024 03:51:35 UTC] File: ast-block-templates-block-requests.json Updated Successfully!
[15-Apr-2024 03:51:35 UTC] BLOCK: Importing request 1 ..
[15-Apr-2024 03:51:35 UTC] BLOCK: https://websitedemos.net/wp-json/astra-blocks/v2/blocks/?page_builder=gutenberg&per_page=30&page=1&wireframe=yes
[15-Apr-2024 03:51:36 UTC] BLOCK: Storing in file ast-block-templates-blocks-1
[15-Apr-2024 03:51:36 UTC] File: ast-block-templates-blocks-1.json Updated Successfully!
[15-Apr-2024 03:51:36 UTC] BLOCK: Completed request 1
[15-Apr-2024 03:51:36 UTC] BLOCK: Importing request 2 ..
[15-Apr-2024 03:51:36 UTC] BLOCK: https://websitedemos.net/wp-json/astra-blocks/v2/blocks/?page_builder=gutenberg&per_page=30&page=2&wireframe=yes
[15-Apr-2024 03:51:37 UTC] BLOCK: Storing in file ast-block-templates-blocks-2
[15-Apr-2024 03:51:37 UTC] File: ast-block-templates-blocks-2.json Updated Successfully!
[15-Apr-2024 03:51:37 UTC] BLOCK: Completed request 2
[15-Apr-2024 03:51:37 UTC] BLOCK: Importing request 3 ..
[15-Apr-2024 03:51:37 UTC] BLOCK: https://websitedemos.net/wp-json/astra-blocks/v2/blocks/?page_builder=gutenberg&per_page=30&page=3&wireframe=yes
[15-Apr-2024 03:51:38 UTC] BLOCK: Storing in file ast-block-templates-blocks-3
[15-Apr-2024 03:51:38 UTC] File: ast-block-templates-blocks-3.json Updated Successfully!
[15-Apr-2024 03:51:38 UTC] BLOCK: Completed request 3
[15-Apr-2024 03:51:38 UTC] BLOCK: Importing request 4 ..
[15-Apr-2024 03:51:38 UTC] BLOCK: https://websitedemos.net/wp-json/astra-blocks/v2/blocks/?page_builder=gutenberg&per_page=30&page=4&wireframe=yes
[15-Apr-2024 03:51:39 UTC] BLOCK: Storing in file ast-block-templates-blocks-4
[15-Apr-2024 03:51:39 UTC] File: ast-block-templates-blocks-4.json Updated Successfully!
[15-Apr-2024 03:51:39 UTC] BLOCK: Completed request 4
[15-Apr-2024 03:51:39 UTC] BLOCK: Importing request 5 ..
[15-Apr-2024 03:51:39 UTC] BLOCK: https://websitedemos.net/wp-json/astra-blocks/v2/blocks/?page_builder=gutenberg&per_page=30&page=5&wireframe=yes
[15-Apr-2024 03:51:40 UTC] BLOCK: Storing in file ast-block-templates-blocks-5
[15-Apr-2024 03:51:40 UTC] File: ast-block-templates-blocks-5.json Updated Successfully!
[15-Apr-2024 03:51:40 UTC] BLOCK: Completed request 5
[15-Apr-2024 03:51:40 UTC] BLOCK: Importing request 6 ..
[15-Apr-2024 03:51:40 UTC] BLOCK: https://websitedemos.net/wp-json/astra-blocks/v2/blocks/?page_builder=gutenberg&per_page=30&page=6&wireframe=yes
[15-Apr-2024 03:51:41 UTC] BLOCK: Storing in file ast-block-templates-blocks-6
[15-Apr-2024 03:51:41 UTC] File: ast-block-templates-blocks-6.json Updated Successfully!
[15-Apr-2024 03:51:41 UTC] BLOCK: Completed request 6
[15-Apr-2024 03:51:41 UTC] BLOCK: Importing request 7 ..
[15-Apr-2024 03:51:41 UTC] BLOCK: https://websitedemos.net/wp-json/astra-blocks/v2/blocks/?page_builder=gutenberg&per_page=30&page=7&wireframe=yes
[15-Apr-2024 03:51:42 UTC] BLOCK: Storing in file ast-block-templates-blocks-7
[15-Apr-2024 03:51:42 UTC] File: ast-block-templates-blocks-7.json Updated Successfully!
[15-Apr-2024 03:51:42 UTC] BLOCK: Completed request 7
[15-Apr-2024 03:51:42 UTC] SITE: Getting Total Sites
[15-Apr-2024 03:51:42 UTC] SITE: https://websitedemos.net/wp-json/astra-sites/v1/get-total-pages/?page_builder=gutenberg&per_page=30
[15-Apr-2024 03:51:43 UTC] SITE: Request count 11
[15-Apr-2024 03:51:43 UTC] File: ast-block-templates-site-requests.json Updated Successfully!
[15-Apr-2024 03:51:43 UTC] SITE: Importing request 1 ..
[15-Apr-2024 03:51:43 UTC] SITE: https://websitedemos.net/wp-json/astra-sites/v1/sites-and-pages/?per_page=30&page=1&page-builder=gutenberg
[15-Apr-2024 03:51:44 UTC] SITE: Storing in file ast-block-templates-sites-1
[15-Apr-2024 03:51:44 UTC] File: ast-block-templates-sites-1.json Updated Successfully!
[15-Apr-2024 03:51:44 UTC] SITE: Completed request 1
[15-Apr-2024 03:51:44 UTC] SITE: Importing request 2 ..
[15-Apr-2024 03:51:44 UTC] SITE: https://websitedemos.net/wp-json/astra-sites/v1/sites-and-pages/?per_page=30&page=2&page-builder=gutenberg
[15-Apr-2024 03:51:45 UTC] SITE: Storing in file ast-block-templates-sites-2
[15-Apr-2024 03:51:45 UTC] File: ast-block-templates-sites-2.json Updated Successfully!
[15-Apr-2024 03:51:45 UTC] SITE: Completed request 2
[15-Apr-2024 03:51:45 UTC] SITE: Importing request 3 ..
[15-Apr-2024 03:51:45 UTC] SITE: https://websitedemos.net/wp-json/astra-sites/v1/sites-and-pages/?per_page=30&page=3&page-builder=gutenberg
[15-Apr-2024 03:51:46 UTC] SITE: Storing in file ast-block-templates-sites-3
[15-Apr-2024 03:51:46 UTC] File: ast-block-templates-sites-3.json Updated Successfully!
[15-Apr-2024 03:51:46 UTC] SITE: Completed request 3
[15-Apr-2024 03:51:46 UTC] SITE: Importing request 4 ..
[15-Apr-2024 03:51:46 UTC] SITE: https://websitedemos.net/wp-json/astra-sites/v1/sites-and-pages/?per_page=30&page=4&page-builder=gutenberg
[15-Apr-2024 03:51:47 UTC] SITE: Storing in file ast-block-templates-sites-4
[15-Apr-2024 03:51:47 UTC] File: ast-block-templates-sites-4.json Updated Successfully!
[15-Apr-2024 03:51:47 UTC] SITE: Completed request 4
[15-Apr-2024 03:51:47 UTC] SITE: Importing request 5 ..
[15-Apr-2024 03:51:47 UTC] SITE: https://websitedemos.net/wp-json/astra-sites/v1/sites-and-pages/?per_page=30&page=5&page-builder=gutenberg
[15-Apr-2024 03:51:48 UTC] SITE: Storing in file ast-block-templates-sites-5
[15-Apr-2024 03:51:48 UTC] File: ast-block-templates-sites-5.json Updated Successfully!
[15-Apr-2024 03:51:48 UTC] SITE: Completed request 5
[15-Apr-2024 03:51:48 UTC] SITE: Importing request 6 ..
[15-Apr-2024 03:51:48 UTC] SITE: https://websitedemos.net/wp-json/astra-sites/v1/sites-and-pages/?per_page=30&page=6&page-builder=gutenberg
[15-Apr-2024 03:51:48 UTC] SITE: Storing in file ast-block-templates-sites-6
[15-Apr-2024 03:51:48 UTC] File: ast-block-templates-sites-6.json Updated Successfully!
[15-Apr-2024 03:51:48 UTC] SITE: Completed request 6
[15-Apr-2024 03:51:48 UTC] SITE: Importing request 7 ..
[15-Apr-2024 03:51:48 UTC] SITE: https://websitedemos.net/wp-json/astra-sites/v1/sites-and-pages/?per_page=30&page=7&page-builder=gutenberg
[15-Apr-2024 03:51:49 UTC] SITE: Storing in file ast-block-templates-sites-7
[15-Apr-2024 03:51:49 UTC] File: ast-block-templates-sites-7.json Updated Successfully!
[15-Apr-2024 03:51:49 UTC] SITE: Completed request 7
[15-Apr-2024 03:51:49 UTC] SITE: Importing request 8 ..
[15-Apr-2024 03:51:49 UTC] SITE: https://websitedemos.net/wp-json/astra-sites/v1/sites-and-pages/?per_page=30&page=8&page-builder=gutenberg
[15-Apr-2024 03:51:50 UTC] SITE: Storing in file ast-block-templates-sites-8
[15-Apr-2024 03:51:50 UTC] File: ast-block-templates-sites-8.json Not Updated!
[15-Apr-2024 03:51:50 UTC] SITE: Completed request 8
[15-Apr-2024 03:51:50 UTC] SITE: Importing request 9 ..
[15-Apr-2024 03:51:50 UTC] SITE: https://websitedemos.net/wp-json/astra-sites/v1/sites-and-pages/?per_page=30&page=9&page-builder=gutenberg
[15-Apr-2024 03:51:51 UTC] SITE: Storing in file ast-block-templates-sites-9
[15-Apr-2024 03:51:51 UTC] File: ast-block-templates-sites-9.json Not Updated!
[15-Apr-2024 03:51:51 UTC] SITE: Completed request 9
[15-Apr-2024 03:51:51 UTC] SITE: Importing request 10 ..
[15-Apr-2024 03:51:51 UTC] SITE: https://websitedemos.net/wp-json/astra-sites/v1/sites-and-pages/?per_page=30&page=10&page-builder=gutenberg
[15-Apr-2024 03:51:51 UTC] SITE: Storing in file ast-block-templates-sites-10
[15-Apr-2024 03:51:51 UTC] File: ast-block-templates-sites-10.json Not Updated!
[15-Apr-2024 03:51:51 UTC] SITE: Completed request 10
[15-Apr-2024 03:51:51 UTC] SITE: Importing request 11 ..
[15-Apr-2024 03:51:51 UTC] SITE: https://websitedemos.net/wp-json/astra-sites/v1/sites-and-pages/?per_page=30&page=11&page-builder=gutenberg
[15-Apr-2024 03:51:52 UTC] SITE: Storing in file ast-block-templates-sites-11
[15-Apr-2024 03:51:52 UTC] File: ast-block-templates-sites-11.json Not Updated!
[15-Apr-2024 03:51:52 UTC] SITE: Completed request 11
[15-Apr-2024 03:51:52 UTC] Sync process for Gutenberg Blocks is done.
[15-Apr-2024 03:51:52 UTC] File: ast-block-templates-last-export-checksums.json Updated Successfully!
[15-Apr-2024 03:51:52 UTC] BLOCK: Getting Server Custimizer CSS
[15-Apr-2024 03:51:52 UTC] BLOCK: https://websitedemos.net/wp-json/astra-blocks/v2/get-customizer-css
[15-Apr-2024 03:51:53 UTC] File: ast-block-templates-customizer-css.json Updated Successfully!
[15-Apr-2024 04:37:05 UTC] BLOCK: Getting Spectra Common CSS
[15-Apr-2024 04:37:05 UTC] BLOCK: https://websitedemos.net/wp-json/astra-blocks/v2/spectra-common-styles
[15-Apr-2024 04:37:33 UTC] Cron unschedule event error for hook: woocommerce_cancel_unpaid_orders, Error code: could_not_set, Error message: The cron event list could not be saved., Data: {"schedule":false,"args":[]}
[15-Apr-2024 04:40:30 UTC] BLOCK: Getting Spectra Common CSS
[15-Apr-2024 04:40:30 UTC] BLOCK: Getting Spectra Common CSS
[15-Apr-2024 04:40:36 UTC] BLOCK: Getting Spectra Common CSS
[16-Apr-2024 03:30:19 UTC] BLOCK: Getting Spectra Common CSS
